<?xml version="1.0" encoding="UTF-8"?>
<!-- Generated by org.testng.reporters.JUnitXMLReporter -->
<testsuite ignored="0" hostname="IN-RintuGeorge-DL5440" failures="3" tests="5" name="Surefire test" time="16.413" errors="0" timestamp="2025-06-19T15:57:08 IST">
  <testcase classname="com.CRM.qa.testcases.HomePageTest" name="VerifyHomeTitle" time="0.02">
    <failure type="java.lang.NullPointerException" message="Cannot invoke &amp;quot;org.openqa.selenium.WebElement.isDisplayed()&amp;quot; because &amp;quot;this.HomeTitle&amp;quot; is null">
      <![CDATA[java.lang.NullPointerException: Cannot invoke "org.openqa.selenium.WebElement.isDisplayed()" because "this.HomeTitle" is null
at com.CRM.qa.pages.HomePage.HomeTitleDisplayed(HomePage.java:21)
at com.CRM.qa.testcases.HomePageTest.VerifyHomeTitle(HomePageTest.java:32)
at java.base/java.util.ArrayList.forEach(ArrayList.java:1604)
... Removed 30 stack frames]]>
    </failure>
  </testcase> <!-- VerifyHomeTitle -->
  <testcase classname="com.CRM.qa.testcases.HomePageTest" name="ClickHomeTitle" time="0.002">
    <failure type="java.lang.NullPointerException" message="Cannot invoke &amp;quot;org.openqa.selenium.WebElement.isDisplayed()&amp;quot; because &amp;quot;this.HomeTitle&amp;quot; is null">
      <![CDATA[java.lang.NullPointerException: Cannot invoke "org.openqa.selenium.WebElement.isDisplayed()" because "this.HomeTitle" is null
at com.CRM.qa.pages.HomePage.ClickHomeTitle(HomePage.java:27)
at com.CRM.qa.testcases.HomePageTest.ClickHomeTitle(HomePageTest.java:38)
at java.base/java.util.ArrayList.forEach(ArrayList.java:1604)
... Removed 30 stack frames]]>
    </failure>
  </testcase> <!-- ClickHomeTitle -->
  <testcase classname="com.CRM.qa.testcases.HomePageTest" name="VerifytsHomePage" time="0.002">
    <failure type="java.lang.NullPointerException" message="Cannot invoke &amp;quot;org.openqa.selenium.WebElement.isDisplayed()&amp;quot; because &amp;quot;this.HomePagetext&amp;quot; is null">
      <![CDATA[java.lang.NullPointerException: Cannot invoke "org.openqa.selenium.WebElement.isDisplayed()" because "this.HomePagetext" is null
at com.CRM.qa.pages.HomePage.VerifyTextOnHomePage(HomePage.java:34)
at com.CRM.qa.testcases.HomePageTest.VerifytsHomePage(HomePageTest.java:43)
at java.base/java.util.ArrayList.forEach(ArrayList.java:1604)
... Removed 30 stack frames]]>
    </failure>
  </testcase> <!-- VerifytsHomePage -->
  <testcase classname="ParalletTestTestNG.TestNGParallelTesting" name="Test1" time="0.002"/>
  <testcase classname="ParalletTestTestNG.TestNGParallelTesting" name="Test2" time="0.001"/>
</testsuite> <!-- Surefire test -->
